This file contains any messages produced by compilers while
running configure, to aid debugging if configure makes a mistake.

It was created by FreeType configure 2.9, which was
generated by GNU Autoconf 2.69.  Invocation command line was

  $ ./configure --prefix=/home/oskari/projects/DoomNukem/libs/installed_libs

## --------- ##
## Platform. ##
## --------- ##

hostname = EliteBook-regolith
uname -m = x86_64
uname -r = 5.15.0-56-generic
uname -s = Linux
uname -v = #62~20.04.1-Ubuntu SMP Tue Nov 22 21:24:20 UTC 2022

/usr/bin/uname -p = x86_64
/bin/uname -X     = unknown

/bin/arch              = x86_64
/usr/bin/arch -k       = unknown
/usr/convex/getsysinfo = unknown
/usr/bin/hostinfo      = unknown
/bin/machine           = unknown
/usr/bin/oslevel       = unknown
/bin/universe          = unknown

PATH: /home/oskari/.local/bin
PATH: /usr/local/sbin
PATH: /usr/local/bin
PATH: /usr/sbin
PATH: /usr/bin
PATH: /sbin
PATH: /bin
PATH: /usr/games
PATH: /usr/local/games
PATH: /snap/bin


## ----------- ##
## Core tests. ##
## ----------- ##

configure:2536: checking build system type
configure:2550: result: x86_64-pc-linux-gnu
configure:2570: checking host system type
configure:2583: result: x86_64-pc-linux-gnu
configure:2655: checking for gcc
configure:2671: found /usr/bin/gcc
configure:2682: result: gcc
configure:2911: checking for C compiler version
configure:2920: gcc --version >&5
gcc (Ubuntu 9.4.0-1ubuntu1~20.04.1) 9.4.0
Copyright (C) 2019 Free Software Foundation, Inc.
This is free software; see the source for copying conditions.  There is NO
warranty; not even for MERCHANTABILITY or FITNESS FOR A PARTICULAR PURPOSE.

configure:2931: $? = 0
configure:2920: gcc -v >&5
Using built-in specs.
COLLECT_GCC=gcc
COLLECT_LTO_WRAPPER=/usr/lib/gcc/x86_64-linux-gnu/9/lto-wrapper
OFFLOAD_TARGET_NAMES=nvptx-none:hsa
OFFLOAD_TARGET_DEFAULT=1
Target: x86_64-linux-gnu
Configured with: ../src/configure -v --with-pkgversion='Ubuntu 9.4.0-1ubuntu1~20.04.1' --with-bugurl=file:///usr/share/doc/gcc-9/README.Bugs --enable-languages=c,ada,c++,go,brig,d,fortran,objc,obj-c++,gm2 --prefix=/usr --with-gcc-major-version-only --program-suffix=-9 --program-prefix=x86_64-linux-gnu- --enable-shared --enable-linker-build-id --libexecdir=/usr/lib --without-included-gettext --enable-threads=posix --libdir=/usr/lib --enable-nls --enable-clocale=gnu --enable-libstdcxx-debug --enable-libstdcxx-time=yes --with-default-libstdcxx-abi=new --enable-gnu-unique-object --disable-vtable-verify --enable-plugin --enable-default-pie --with-system-zlib --with-target-system-zlib=auto --enable-objc-gc=auto --enable-multiarch --disable-werror --with-arch-32=i686 --with-abi=m64 --with-multilib-list=m32,m64,mx32 --enable-multilib --with-tune=generic --enable-offload-targets=nvptx-none=/build/gcc-9-Av3uEd/gcc-9-9.4.0/debian/tmp-nvptx/usr,hsa --without-cuda-driver --enable-checking=release --build=x86_64-linux-gnu --host=x86_64-linux-gnu --target=x86_64-linux-gnu
Thread model: posix
gcc version 9.4.0 (Ubuntu 9.4.0-1ubuntu1~20.04.1) 
configure:2931: $? = 0
configure:2920: gcc -V >&5
gcc: error: unrecognized command line option '-V'
gcc: fatal error: no input files
compilation terminated.
configure:2931: $? = 1
configure:2920: gcc -qversion >&5
gcc: error: unrecognized command line option '-qversion'; did you mean '--version'?
gcc: fatal error: no input files
compilation terminated.
configure:2931: $? = 1
configure:2951: checking whether the C compiler works
configure:2973: gcc    conftest.c  >&5
configure:2977: $? = 0
configure:3025: result: yes
configure:3028: checking for C compiler default output file name
configure:3030: result: a.out
configure:3036: checking for suffix of executables
configure:3043: gcc -o conftest    conftest.c  >&5
configure:3047: $? = 0
configure:3069: result: 
configure:3091: checking whether we are cross compiling
configure:3099: gcc -o conftest    conftest.c  >&5
configure:3103: $? = 0
configure:3110: ./conftest
configure:3114: $? = 0
configure:3102: result: no
configure:3107: checking for suffix of object files
configure:3129: gcc -c   conftest.c >&5
configure:3133: $? = 0
configure:3154: result: o
configure:3158: checking whether we are using the GNU C compiler
configure:3177: gcc -c   conftest.c >&5
configure:3177: $? = 0
configure:3186: result: yes
configure:3195: checking whether gcc accepts -g
configure:3215: gcc -c -g  conftest.c >&5
configure:3215: $? = 0
configure:3256: result: yes
configure:3273: checking for gcc option to accept ISO C89
configure:3336: gcc  -c -g -O2  conftest.c >&5
configure:3336: $? = 0
configure:3349: result: none needed
configure:3374: checking how to run the C preprocessor
configure:3405: gcc -E  conftest.c
configure:3405: $? = 0
configure:3419: gcc -E  conftest.c
conftest.c:9:10: fatal error: ac_nonexistent.h: No such file or directory
    9 | #include <ac_nonexistent.h>
      |          ^~~~~~~~~~~~~~~~~~
compilation terminated.
configure:3419: $? = 1
configure: failed program was:
| /* confdefs.h */
| #define PACKAGE_NAME "FreeType"
| #define PACKAGE_TARNAME "freetype"
| #define PACKAGE_VERSION "2.9"
| #define PACKAGE_STRING "FreeType 2.9"
| #define PACKAGE_BUGREPORT "freetype@nongnu.org"
| #define PACKAGE_URL ""
| /* end confdefs.h.  */
| #include <ac_nonexistent.h>
configure:3444: result: gcc -E
configure:3464: gcc -E  conftest.c
configure:3464: $? = 0
configure:3478: gcc -E  conftest.c
conftest.c:9:10: fatal error: ac_nonexistent.h: No such file or directory
    9 | #include <ac_nonexistent.h>
      |          ^~~~~~~~~~~~~~~~~~
compilation terminated.
configure:3478: $? = 1
configure: failed program was:
| /* confdefs.h */
| #define PACKAGE_NAME "FreeType"
| #define PACKAGE_TARNAME "freetype"
| #define PACKAGE_VERSION "2.9"
| #define PACKAGE_STRING "FreeType 2.9"
| #define PACKAGE_BUGREPORT "freetype@nongnu.org"
| #define PACKAGE_URL ""
| /* end confdefs.h.  */
| #include <ac_nonexistent.h>
configure:3562: checking for pkg-config
configure:3580: found /usr/bin/pkg-config
configure:3592: result: /usr/bin/pkg-config
configure:3617: checking pkg-config is at least version 0.24
configure:3620: result: yes
configure:3675: checking how to print strings
configure:3702: result: printf
configure:3723: checking for a sed that does not truncate output
configure:3787: result: /usr/bin/sed
configure:3805: checking for grep that handles long lines and -e
configure:3863: result: /usr/bin/grep
configure:3868: checking for egrep
configure:3930: result: /usr/bin/grep -E
configure:3935: checking for fgrep
configure:3997: result: /usr/bin/grep -F
configure:4032: checking for ld used by gcc
configure:4099: result: /usr/bin/ld
configure:4106: checking if the linker (/usr/bin/ld) is GNU ld
configure:4121: result: yes
configure:4133: checking for BSD- or MS-compatible name lister (nm)
configure:4187: result: /usr/bin/nm -B
configure:4317: checking the name lister (/usr/bin/nm -B) interface
configure:4324: gcc -c -g -O2  conftest.c >&5
configure:4327: /usr/bin/nm -B "conftest.o"
configure:4330: output
0000000000000000 B some_variable
configure:4331: result: BSD nm
configure:4334: checking whether ln -s works
configure:4338: result: yes
configure:4346: checking the maximum length of command line arguments
configure:4477: result: 1572864
configure:4525: checking how to convert x86_64-pc-linux-gnu file names to x86_64-pc-linux-gnu format
configure:4565: result: func_convert_file_noop
configure:4572: checking how to convert x86_64-pc-linux-gnu file names to toolchain format
configure:4592: result: func_convert_file_noop
configure:4599: checking for /usr/bin/ld option to reload object files
configure:4606: result: -r
configure:4680: checking for objdump
configure:4696: found /usr/bin/objdump
configure:4707: result: objdump
configure:4736: checking how to recognize dependent libraries
configure:4936: result: pass_all
configure:5021: checking for dlltool
configure:5051: result: no
configure:5078: checking how to associate runtime and link libraries
configure:5105: result: printf %s\n
configure:5166: checking for ar
configure:5182: found /usr/bin/ar
configure:5193: result: ar
configure:5230: checking for archiver @FILE support
configure:5247: gcc -c -g -O2  conftest.c >&5
configure:5247: $? = 0
configure:5250: ar cru libconftest.a @conftest.lst >&5
ar: `u' modifier ignored since `D' is the default (see `U')
configure:5253: $? = 0
configure:5258: ar cru libconftest.a @conftest.lst >&5
ar: `u' modifier ignored since `D' is the default (see `U')
ar: conftest.o: No such file or directory
configure:5261: $? = 1
configure:5260: result: @
configure:5318: checking for strip
configure:5334: found /usr/bin/strip
configure:5345: result: strip
configure:5417: checking for ranlib
configure:5433: found /usr/bin/ranlib
configure:5444: result: ranlib
configure:5521: checking for gawk
configure:5551: result: no
configure:5521: checking for mawk
configure:5537: found /usr/bin/mawk
configure:5548: result: mawk
configure:5588: checking command to parse /usr/bin/nm -B output from gcc object
configure:5741: gcc -c -g -O2  conftest.c >&5
configure:5744: $? = 0
configure:5748: /usr/bin/nm -B conftest.o \| sed -n -e 's/^.*[ ]\([ABCDGIRSTW][ABCDGIRSTW]*\)[ ][ ]*\([_A-Za-z][_A-Za-z0-9]*\)$/\1 \2 \2/p' | sed '/ __gnu_lto/d' \> conftest.nm
configure:5751: $? = 0
configure:5817: gcc -o conftest -g -O2   conftest.c conftstm.o >&5
configure:5820: $? = 0
configure:5858: result: ok
configure:5905: checking for sysroot
configure:5935: result: no
configure:5942: checking for a working dd
configure:5980: result: /usr/bin/dd
configure:5984: checking how to truncate binary pipes
configure:5999: result: /usr/bin/dd bs=4096 count=1
configure:6135: gcc -c -g -O2  conftest.c >&5
configure:6138: $? = 0
configure:6328: checking for mt
configure:6344: found /usr/bin/mt
configure:6355: result: mt
configure:6378: checking if mt is a manifest tool
configure:6384: mt '-?'
configure:6392: result: no
configure:7065: checking for ANSI C header files
configure:7085: gcc -c -g -O2  conftest.c >&5
configure:7085: $? = 0
configure:7158: gcc -o conftest -g -O2   conftest.c  >&5
configure:7158: $? = 0
configure:7158: ./conftest
configure:7158: $? = 0
configure:7169: result: yes
configure:7182: checking for sys/types.h
configure:7182: gcc -c -g -O2  conftest.c >&5
configure:7182: $? = 0
configure:7182: result: yes
configure:7182: checking for sys/stat.h
configure:7182: gcc -c -g -O2  conftest.c >&5
configure:7182: $? = 0
configure:7182: result: yes
configure:7182: checking for stdlib.h
configure:7182: gcc -c -g -O2  conftest.c >&5
configure:7182: $? = 0
configure:7182: result: yes
configure:7182: checking for string.h
configure:7182: gcc -c -g -O2  conftest.c >&5
configure:7182: $? = 0
configure:7182: result: yes
configure:7182: checking for memory.h
configure:7182: gcc -c -g -O2  conftest.c >&5
configure:7182: $? = 0
configure:7182: result: yes
configure:7182: checking for strings.h
configure:7182: gcc -c -g -O2  conftest.c >&5
configure:7182: $? = 0
configure:7182: result: yes
configure:7182: checking for inttypes.h
configure:7182: gcc -c -g -O2  conftest.c >&5
configure:7182: $? = 0
configure:7182: result: yes
configure:7182: checking for stdint.h
configure:7182: gcc -c -g -O2  conftest.c >&5
configure:7182: $? = 0
configure:7182: result: yes
configure:7182: checking for unistd.h
configure:7182: gcc -c -g -O2  conftest.c >&5
configure:7182: $? = 0
configure:7182: result: yes
configure:7196: checking for dlfcn.h
configure:7196: gcc -c -g -O2  conftest.c >&5
configure:7196: $? = 0
configure:7196: result: yes
configure:7750: checking for objdir
configure:7765: result: .libs
configure:8025: checking if gcc supports -fno-rtti -fno-exceptions
configure:8043: gcc -c -g -O2  -fno-rtti -fno-exceptions conftest.c >&5
cc1: warning: command line option '-fno-rtti' is valid for C++/D/ObjC++ but not for C
configure:8047: $? = 0
configure:8060: result: no
configure:8418: checking for gcc option to produce PIC
configure:8425: result: -fPIC -DPIC
configure:8433: checking if gcc PIC flag -fPIC -DPIC works
configure:8451: gcc -c -g -O2  -fPIC -DPIC -DPIC conftest.c >&5
configure:8455: $? = 0
configure:8468: result: yes
configure:8497: checking if gcc static flag -static works
configure:8525: result: yes
configure:8540: checking if gcc supports -c -o file.o
configure:8561: gcc -c -g -O2  -o out/conftest2.o conftest.c >&5
configure:8565: $? = 0
configure:8587: result: yes
configure:8595: checking if gcc supports -c -o file.o
configure:8642: result: yes
configure:8675: checking whether the gcc linker (/usr/bin/ld -m elf_x86_64) supports shared libraries
configure:9934: result: yes
configure:9971: checking whether -lc should be explicitly linked in
configure:9979: gcc -c -g -O2  conftest.c >&5
configure:9982: $? = 0
configure:9997: gcc -shared  -fPIC -DPIC conftest.o  -v -Wl,-soname -Wl,conftest -o conftest 2\>\&1 \| /usr/bin/grep  -lc  \>/dev/null 2\>\&1
configure:10000: $? = 0
configure:10014: result: no
configure:10174: checking dynamic linker characteristics
configure:10755: gcc -o conftest -g -O2   -Wl,-rpath -Wl,/foo conftest.c  >&5
configure:10755: $? = 0
configure:10992: result: GNU/Linux ld.so
configure:11114: checking how to hardcode library paths into programs
configure:11139: result: immediate
configure:11687: checking whether stripping libraries is possible
configure:11692: result: yes
configure:11727: checking if libtool supports shared libraries
configure:11729: result: yes
configure:11732: checking whether to build shared libraries
configure:11757: result: yes
configure:11760: checking whether to build static libraries
configure:11764: result: yes
configure:8772: checking for a BSD-compatible install
configure:8840: result: /usr/bin/install -c
configure:8859: checking for a thread-safe mkdir -p
configure:8898: result: /usr/bin/mkdir -p
configure:8912: checking for ANSI C header files
configure:9016: result: yes
configure:9027: checking fcntl.h usability
configure:9027: gcc -c -g -O2  conftest.c >&5
configure:9027: $? = 0
configure:9027: result: yes
configure:9027: checking fcntl.h presence
configure:9027: gcc -E  conftest.c
configure:9027: $? = 0
configure:9027: result: yes
configure:9027: checking for fcntl.h
configure:9027: result: yes
configure:9027: checking for unistd.h
configure:9027: result: yes
configure:9041: checking for an ANSI C-conforming const
configure:9107: gcc -c -g -O2  conftest.c >&5
configure:9107: $? = 0
configure:9114: result: yes
configure:9126: checking size of int
configure:9131: gcc -o conftest -g -O2   conftest.c  >&5
configure:9131: $? = 0
configure:9131: ./conftest
configure:9131: $? = 0
configure:9145: result: 4
configure:9159: checking size of long
configure:9164: gcc -o conftest -g -O2   conftest.c  >&5
configure:9164: $? = 0
configure:9164: ./conftest
configure:9164: $? = 0
configure:9178: result: 8
configure:9189: checking for unsigned long long int
configure:9228: gcc -o conftest -g -O2   conftest.c  >&5
configure:9228: $? = 0
configure:9237: result: yes
configure:9247: checking for long long int
configure:9285: gcc -o conftest -g -O2   conftest.c  >&5
configure:9285: $? = 0
configure:9285: ./conftest
configure:9285: $? = 0
configure:9297: result: yes
configure:9309: checking whether cpp computation of bit length in ftconfig.in works
configure:9364: result: yes
configure:9393: checking for special C compiler options needed for large files
configure:9438: result: no
configure:9444: checking for _FILE_OFFSET_BITS value needed for large files
configure:9469: gcc -c -g -O2  conftest.c >&5
configure:9469: $? = 0
configure:9501: result: no
configure:9603: checking for stdlib.h
configure:9603: result: yes
configure:9603: checking for unistd.h
configure:9603: result: yes
configure:9603: checking for sys/param.h
configure:9603: gcc -c -g -O2  conftest.c >&5
configure:9603: $? = 0
configure:9603: result: yes
configure:9623: checking for getpagesize
configure:9623: gcc -o conftest -g -O2   conftest.c  >&5
configure:9623: $? = 0
configure:9623: result: yes
configure:9632: checking for working mmap
configure:9779: gcc -o conftest -g -O2   conftest.c  >&5
configure:9779: $? = 0
configure:9779: ./conftest
configure:9779: $? = 0
configure:9789: result: yes
configure:9805: checking whether munmap is declared
configure:9805: gcc -c -g -O2  conftest.c >&5
configure:9805: $? = 0
configure:9805: result: yes
configure:9825: checking for munmap's first parameter type
configure:9839: gcc -c -g -O2  conftest.c >&5
configure:9839: $? = 0
configure:9840: result: void *
configure:9857: checking for memcpy
configure:9857: gcc -o conftest -g -O2   conftest.c  >&5
conftest.c:58:6: warning: conflicting types for built-in function 'memcpy'; expected 'void *(void *, const void *, long unsigned int)' [-Wbuiltin-declaration-mismatch]
   58 | char memcpy ();
      |      ^~~~~~
conftest.c:46:1: note: 'memcpy' is declared in header '<string.h>'
   45 | # include <limits.h>
   46 | #else
configure:9857: $? = 0
configure:9857: result: yes
configure:9857: checking for memmove
configure:9857: gcc -o conftest -g -O2   conftest.c  >&5
conftest.c:59:6: warning: conflicting types for built-in function 'memmove'; expected 'void *(void *, const void *, long unsigned int)' [-Wbuiltin-declaration-mismatch]
   59 | char memmove ();
      |      ^~~~~~~
conftest.c:47:1: note: 'memmove' is declared in header '<string.h>'
   46 | # include <limits.h>
   47 | #else
configure:9857: $? = 0
configure:9857: result: yes
configure:9909: checking gcc compiler flag -pedantic to assure ANSI C works correctly
configure:9936: gcc -c -g -O2  -pedantic  conftest.c >&5
configure:9936: $? = 0
configure:9937: result: ok, adding to XX_ANSIFLAGS
configure:9909: checking gcc compiler flag -ansi to assure ANSI C works correctly
configure:9936: gcc -c -g -O2  -pedantic -ansi  conftest.c >&5
configure:9936: $? = 0
configure:9937: result: ok, adding to XX_ANSIFLAGS
configure:10001: $PKG_CONFIG --exists --print-errors "$zlib_pkg"
configure:10004: $? = 0
configure:10011: checking for ZLIB
configure:10018: $PKG_CONFIG --exists --print-errors "$zlib_pkg"
configure:10021: $? = 0
configure:10035: $PKG_CONFIG --exists --print-errors "$zlib_pkg"
configure:10038: $? = 0
configure:10076: result: yes
configure:10171: $PKG_CONFIG --exists --print-errors "$bzip2_pkg"
Package bzip2 was not found in the pkg-config search path.
Perhaps you should add the directory containing `bzip2.pc'
to the PKG_CONFIG_PATH environment variable
No package 'bzip2' found
configure:10174: $? = 1
configure:10181: checking for BZIP2
configure:10188: $PKG_CONFIG --exists --print-errors "$bzip2_pkg"
Package bzip2 was not found in the pkg-config search path.
Perhaps you should add the directory containing `bzip2.pc'
to the PKG_CONFIG_PATH environment variable
No package 'bzip2' found
configure:10191: $? = 1
configure:10205: $PKG_CONFIG --exists --print-errors "$bzip2_pkg"
Package bzip2 was not found in the pkg-config search path.
Perhaps you should add the directory containing `bzip2.pc'
to the PKG_CONFIG_PATH environment variable
No package 'bzip2' found
configure:10208: $? = 1
configure:10222: result: no
No package 'bzip2' found
configure:10266: checking for BZ2_bzDecompress in -lbz2
configure:10291: gcc -o conftest -g -O2   conftest.c -lbz2   >&5
/usr/bin/ld: cannot find -lbz2
collect2: error: ld returned 1 exit status
configure:10291: $? = 1
configure: failed program was:
| /* confdefs.h */
| #define PACKAGE_NAME "FreeType"
| #define PACKAGE_TARNAME "freetype"
| #define PACKAGE_VERSION "2.9"
| #define PACKAGE_STRING "FreeType 2.9"
| #define PACKAGE_BUGREPORT "freetype@nongnu.org"
| #define PACKAGE_URL ""
| #define STDC_HEADERS 1
| #define HAVE_SYS_TYPES_H 1
| #define HAVE_SYS_STAT_H 1
| #define HAVE_STDLIB_H 1
| #define HAVE_STRING_H 1
| #define HAVE_MEMORY_H 1
| #define HAVE_STRINGS_H 1
| #define HAVE_INTTYPES_H 1
| #define HAVE_STDINT_H 1
| #define HAVE_UNISTD_H 1
| #define HAVE_DLFCN_H 1
| #define LT_OBJDIR ".libs/"
| #define STDC_HEADERS 1
| #define HAVE_FCNTL_H 1
| #define HAVE_UNISTD_H 1
| #define SIZEOF_INT 4
| #define SIZEOF_LONG 8
| #define HAVE_UNSIGNED_LONG_LONG_INT 1
| #define HAVE_LONG_LONG_INT 1
| #define HAVE_STDLIB_H 1
| #define HAVE_UNISTD_H 1
| #define HAVE_SYS_PARAM_H 1
| #define HAVE_GETPAGESIZE 1
| #define HAVE_MMAP 1
| #define HAVE_DECL_MUNMAP 1
| #define MUNMAP_USES_VOIDP /**/
| #define HAVE_MEMCPY 1
| #define HAVE_MEMMOVE 1
| /* end confdefs.h.  */
| 
| /* Override any GCC internal prototype to avoid an error.
|    Use char because int might match the return type of a GCC
|    builtin and then its argument prototype would still apply.  */
| #ifdef __cplusplus
| extern "C"
| #endif
| char BZ2_bzDecompress ();
| int
| main ()
| {
| return BZ2_bzDecompress ();
|   ;
|   return 0;
| }
configure:10300: result: no
configure:10341: $PKG_CONFIG --exists --print-errors "$libpng_pkg"
configure:10344: $? = 0
configure:10351: checking for LIBPNG
configure:10358: $PKG_CONFIG --exists --print-errors "$libpng_pkg"
configure:10361: $? = 0
configure:10375: $PKG_CONFIG --exists --print-errors "$libpng_pkg"
configure:10378: $? = 0
configure:10416: result: yes
configure:10477: $PKG_CONFIG --exists --print-errors "$harfbuzz_pkg"
Package harfbuzz was not found in the pkg-config search path.
Perhaps you should add the directory containing `harfbuzz.pc'
to the PKG_CONFIG_PATH environment variable
No package 'harfbuzz' found
configure:10480: $? = 1
configure:10487: checking for HARFBUZZ
configure:10494: $PKG_CONFIG --exists --print-errors "$harfbuzz_pkg"
Package harfbuzz was not found in the pkg-config search path.
Perhaps you should add the directory containing `harfbuzz.pc'
to the PKG_CONFIG_PATH environment variable
No package 'harfbuzz' found
configure:10497: $? = 1
configure:10511: $PKG_CONFIG --exists --print-errors "$harfbuzz_pkg"
Package harfbuzz was not found in the pkg-config search path.
Perhaps you should add the directory containing `harfbuzz.pc'
to the PKG_CONFIG_PATH environment variable
No package 'harfbuzz' found
configure:10514: $? = 1
configure:10528: result: no
No package 'harfbuzz' found
configure:10591: checking for library containing clock_gettime
configure:10622: gcc -o conftest -g -O2   conftest.c  >&5
configure:10622: $? = 0
configure:10639: result: none required
configure:11462: creating ./config.status

## ---------------------- ##
## Running config.status. ##
## ---------------------- ##

This file was extended by FreeType config.status 2.9, which was
generated by GNU Autoconf 2.69.  Invocation command line was

  CONFIG_FILES    = 
  CONFIG_HEADERS  = 
  CONFIG_LINKS    = 
  CONFIG_COMMANDS = 
  $ ./config.status 

on EliteBook-regolith

config.status:1089: creating ftoption.h
config.status:1089: creating unix-cc.mk
config.status:1089: creating unix-def.mk
config.status:1089: creating ftconfig.h
config.status:1284: executing libtool commands
configure:13498:

Library configuration:
  external zlib: yes (pkg-config)
  bzip2:         no
  libpng:        yes (pkg-config)
  harfbuzz:      no


## ---------------- ##
## Cache variables. ##
## ---------------- ##

ac_cv_build=x86_64-pc-linux-gnu
ac_cv_c_compiler_gnu=yes
ac_cv_c_const=yes
ac_cv_env_BZIP2_CFLAGS_set=
ac_cv_env_BZIP2_CFLAGS_value=
ac_cv_env_BZIP2_LIBS_set=
ac_cv_env_BZIP2_LIBS_value=
ac_cv_env_CC_set=
ac_cv_env_CC_value=
ac_cv_env_CFLAGS_set=
ac_cv_env_CFLAGS_value=
ac_cv_env_CPPFLAGS_set=
ac_cv_env_CPPFLAGS_value=
ac_cv_env_CPP_set=
ac_cv_env_CPP_value=
ac_cv_env_HARFBUZZ_CFLAGS_set=
ac_cv_env_HARFBUZZ_CFLAGS_value=
ac_cv_env_HARFBUZZ_LIBS_set=
ac_cv_env_HARFBUZZ_LIBS_value=
ac_cv_env_LDFLAGS_set=
ac_cv_env_LDFLAGS_value=
ac_cv_env_LIBPNG_CFLAGS_set=
ac_cv_env_LIBPNG_CFLAGS_value=
ac_cv_env_LIBPNG_LIBS_set=
ac_cv_env_LIBPNG_LIBS_value=
ac_cv_env_LIBS_set=
ac_cv_env_LIBS_value=
ac_cv_env_LT_SYS_LIBRARY_PATH_set=
ac_cv_env_LT_SYS_LIBRARY_PATH_value=
ac_cv_env_PKG_CONFIG_LIBDIR_set=
ac_cv_env_PKG_CONFIG_LIBDIR_value=
ac_cv_env_PKG_CONFIG_PATH_set=
ac_cv_env_PKG_CONFIG_PATH_value=
ac_cv_env_PKG_CONFIG_set=
ac_cv_env_PKG_CONFIG_value=
ac_cv_env_ZLIB_CFLAGS_set=
ac_cv_env_ZLIB_CFLAGS_value=
ac_cv_env_ZLIB_LIBS_set=
ac_cv_env_ZLIB_LIBS_value=
ac_cv_env_build_alias_set=
ac_cv_env_build_alias_value=
ac_cv_env_host_alias_set=
ac_cv_env_host_alias_value=
ac_cv_env_target_alias_set=
ac_cv_env_target_alias_value=
ac_cv_func_getpagesize=yes
ac_cv_func_memcpy=yes
ac_cv_func_memmove=yes
ac_cv_func_mmap_fixed_mapped=yes
ac_cv_have_decl_munmap=yes
ac_cv_header_dlfcn_h=yes
ac_cv_header_fcntl_h=yes
ac_cv_header_inttypes_h=yes
ac_cv_header_memory_h=yes
ac_cv_header_stdc=yes
ac_cv_header_stdint_h=yes
ac_cv_header_stdlib_h=yes
ac_cv_header_string_h=yes
ac_cv_header_strings_h=yes
ac_cv_header_sys_param_h=yes
ac_cv_header_sys_stat_h=yes
ac_cv_header_sys_types_h=yes
ac_cv_header_unistd_h=yes
ac_cv_host=x86_64-pc-linux-gnu
ac_cv_lib_bz2_BZ2_bzDecompress=no
ac_cv_objext=o
ac_cv_path_EGREP='/usr/bin/grep -E'
ac_cv_path_FGREP='/usr/bin/grep -F'
ac_cv_path_GREP=/usr/bin/grep
ac_cv_path_SED=/usr/bin/sed
ac_cv_path_ac_pt_PKG_CONFIG=/usr/bin/pkg-config
ac_cv_path_install='/usr/bin/install -c'
ac_cv_path_lt_DD=/usr/bin/dd
ac_cv_path_mkdir=/usr/bin/mkdir
ac_cv_prog_AWK=mawk
ac_cv_prog_CPP='gcc -E'
ac_cv_prog_ac_ct_AR=ar
ac_cv_prog_ac_ct_CC=gcc
ac_cv_prog_ac_ct_MANIFEST_TOOL=mt
ac_cv_prog_ac_ct_OBJDUMP=objdump
ac_cv_prog_ac_ct_RANLIB=ranlib
ac_cv_prog_ac_ct_STRIP=strip
ac_cv_prog_cc_c89=
ac_cv_prog_cc_g=yes
ac_cv_search_clock_gettime='none required'
ac_cv_sizeof_int=4
ac_cv_sizeof_long=8
ac_cv_sys_file_offset_bits=no
ac_cv_sys_largefile_CC=no
ac_cv_type_long_long_int=yes
ac_cv_type_unsigned_long_long_int=yes
lt_cv_ar_at_file=@
lt_cv_archive_cmds_need_lc=no
lt_cv_deplibs_check_method=pass_all
lt_cv_file_magic_cmd='$MAGIC_CMD'
lt_cv_file_magic_test_file=
lt_cv_ld_reload_flag=-r
lt_cv_nm_interface='BSD nm'
lt_cv_objdir=.libs
lt_cv_path_LD=/usr/bin/ld
lt_cv_path_NM='/usr/bin/nm -B'
lt_cv_path_mainfest_tool=no
lt_cv_prog_compiler_c_o=yes
lt_cv_prog_compiler_pic='-fPIC -DPIC'
lt_cv_prog_compiler_pic_works=yes
lt_cv_prog_compiler_rtti_exceptions=no
lt_cv_prog_compiler_static_works=yes
lt_cv_prog_gnu_ld=yes
lt_cv_sharedlib_from_linklib_cmd='printf %s\n'
lt_cv_shlibpath_overrides_runpath=yes
lt_cv_sys_global_symbol_pipe='sed -n -e '\''s/^.*[	 ]\([ABCDGIRSTW][ABCDGIRSTW]*\)[	 ][	 ]*\([_A-Za-z][_A-Za-z0-9]*\)$/\1 \2 \2/p'\'' | sed '\''/ __gnu_lto/d'\'''
lt_cv_sys_global_symbol_to_c_name_address='sed -n -e '\''s/^: \(.*\) .*$/  {"\1", (void *) 0},/p'\'' -e '\''s/^[ABCDGIRSTW][ABCDGIRSTW]* .* \(.*\)$/  {"\1", (void *) \&\1},/p'\'''
lt_cv_sys_global_symbol_to_c_name_address_lib_prefix='sed -n -e '\''s/^: \(.*\) .*$/  {"\1", (void *) 0},/p'\'' -e '\''s/^[ABCDGIRSTW][ABCDGIRSTW]* .* \(lib.*\)$/  {"\1", (void *) \&\1},/p'\'' -e '\''s/^[ABCDGIRSTW][ABCDGIRSTW]* .* \(.*\)$/  {"lib\1", (void *) \&\1},/p'\'''
lt_cv_sys_global_symbol_to_cdecl='sed -n -e '\''s/^T .* \(.*\)$/extern int \1();/p'\'' -e '\''s/^[ABCDGIRSTW][ABCDGIRSTW]* .* \(.*\)$/extern char \1;/p'\'''
lt_cv_sys_global_symbol_to_import=
lt_cv_sys_max_cmd_len=1572864
lt_cv_to_host_file_cmd=func_convert_file_noop
lt_cv_to_tool_file_cmd=func_convert_file_noop
lt_cv_truncate_bin='/usr/bin/dd bs=4096 count=1'
pkg_cv_LIBPNG_CFLAGS=-I/usr/include/libpng16
pkg_cv_LIBPNG_LIBS='-lpng16 -lz'
pkg_cv_ZLIB_CFLAGS=
pkg_cv_ZLIB_LIBS=-lz

## ----------------- ##
## Output variables. ##
## ----------------- ##

AR='ar'
AS='as'
AWK='mawk'
BZIP2_CFLAGS=''
BZIP2_LIBS=''
CC='gcc'
CC_BUILD='gcc'
CFLAGS='-g -O2  -I/usr/include/libpng16'
CPP='gcc -E'
CPPFLAGS=''
DEFS='-DHAVE_CONFIG_H'
DLLTOOL='false'
DSYMUTIL=''
DUMPBIN=''
ECHO_C=''
ECHO_N='-n'
ECHO_T=''
EGREP='/usr/bin/grep -E'
EXEEXT=''
EXEEXT_BUILD=''
FGREP='/usr/bin/grep -F'
FTSYS_SRC='$(BUILD_DIR)/ftsystem.c'
GREP='/usr/bin/grep'
HARFBUZZ_CFLAGS=''
HARFBUZZ_LIBS=''
INSTALL_DATA='${INSTALL} -m 644'
INSTALL_PROGRAM='${INSTALL}'
INSTALL_SCRIPT='${INSTALL}'
LD='/usr/bin/ld -m elf_x86_64'
LDFLAGS=' -lz -lpng16 -lz'
LIBOBJS=''
LIBPNG_CFLAGS='-I/usr/include/libpng16'
LIBPNG_LIBS='-lpng16 -lz'
LIBS=''
LIBSSTATIC_CONFIG='-lfreetype -lz -lpng16 -lm -lz -lm -lz'
LIBS_PRIVATE=''
LIBTOOL='$(SHELL) $(top_builddir)/libtool'
LIB_CLOCK_GETTIME=''
LIPO=''
LN_S='ln -s'
LTLIBOBJS=''
LT_SYS_LIBRARY_PATH=''
MANIFEST_TOOL=':'
MKDIR_P='/usr/bin/mkdir -p'
NM='/usr/bin/nm -B'
NMEDIT=''
OBJDUMP='objdump'
OBJEXT='o'
OTOOL64=''
OTOOL=''
PACKAGE_BUGREPORT='freetype@nongnu.org'
PACKAGE_NAME='FreeType'
PACKAGE_STRING='FreeType 2.9'
PACKAGE_TARNAME='freetype'
PACKAGE_URL=''
PACKAGE_VERSION='2.9'
PATH_SEPARATOR=':'
PKG_CONFIG='/usr/bin/pkg-config'
PKG_CONFIG_LIBDIR=''
PKG_CONFIG_PATH=''
RANLIB='ranlib'
REQUIRES_PRIVATE='zlib, libpng'
SED='/usr/bin/sed'
SHELL='/bin/bash'
STRIP='strip'
XX_ANSIFLAGS=' -pedantic -ansi'
XX_CFLAGS='-Wall'
ZLIB_CFLAGS=''
ZLIB_LIBS='-lz'
ac_ct_AR='ar'
ac_ct_CC='gcc'
ac_ct_DUMPBIN=''
bindir='${exec_prefix}/bin'
build='x86_64-pc-linux-gnu'
build_alias=''
build_cpu='x86_64'
build_libtool_libs=''
build_os='linux-gnu'
build_vendor='pc'
datadir='${datarootdir}'
datarootdir='${prefix}/share'
docdir='${datarootdir}/doc/${PACKAGE_TARNAME}'
dvidir='${docdir}'
exec_prefix='${prefix}'
ft_version='22.0.16'
ftmac_c=''
hardcode_libdir_flag_spec='$wl-rpath $wl$libdir'
host='x86_64-pc-linux-gnu'
host_alias=''
host_cpu='x86_64'
host_os='linux-gnu'
host_vendor='pc'
htmldir='${docdir}'
includedir='${prefix}/include'
infodir='${datarootdir}/info'
libdir='${exec_prefix}/lib'
libexecdir='${exec_prefix}/libexec'
localedir='${datarootdir}/locale'
localstatedir='${prefix}/var'
mandir='${datarootdir}/man'
oldincludedir='/usr/include'
pdfdir='${docdir}'
prefix='/home/oskari/projects/DoomNukem/libs/installed_libs'
program_transform_name='s,x,x,'
psdir='${docdir}'
sbindir='${exec_prefix}/sbin'
sharedstatedir='${prefix}/com'
sysconfdir='${prefix}/etc'
target_alias=''
version_info='22:0:16'
wl='-Wl,'

## ----------- ##
## confdefs.h. ##
## ----------- ##

/* confdefs.h */
#define PACKAGE_NAME "FreeType"
#define PACKAGE_TARNAME "freetype"
#define PACKAGE_VERSION "2.9"
#define PACKAGE_STRING "FreeType 2.9"
#define PACKAGE_BUGREPORT "freetype@nongnu.org"
#define PACKAGE_URL ""
#define STDC_HEADERS 1
#define HAVE_SYS_TYPES_H 1
#define HAVE_SYS_STAT_H 1
#define HAVE_STDLIB_H 1
#define HAVE_STRING_H 1
#define HAVE_MEMORY_H 1
#define HAVE_STRINGS_H 1
#define HAVE_INTTYPES_H 1
#define HAVE_STDINT_H 1
#define HAVE_UNISTD_H 1
#define HAVE_DLFCN_H 1
#define LT_OBJDIR ".libs/"
#define STDC_HEADERS 1
#define HAVE_FCNTL_H 1
#define HAVE_UNISTD_H 1
#define SIZEOF_INT 4
#define SIZEOF_LONG 8
#define HAVE_UNSIGNED_LONG_LONG_INT 1
#define HAVE_LONG_LONG_INT 1
#define HAVE_STDLIB_H 1
#define HAVE_UNISTD_H 1
#define HAVE_SYS_PARAM_H 1
#define HAVE_GETPAGESIZE 1
#define HAVE_MMAP 1
#define HAVE_DECL_MUNMAP 1
#define MUNMAP_USES_VOIDP /**/
#define HAVE_MEMCPY 1
#define HAVE_MEMMOVE 1

configure: exit 0
